[2022-Mar-27 19:24:48] [ info] --------------------------------------------------------------------------------
[2022-Mar-27 19:24:48] [ info] nrfjprog --program /Users/severinferard/Library/Arduino15/packages/movuino/hardware/movuino/1.0.0/bootloader/feather_nrf52840_express/feather_nrf52840_express_bootloader-0.3.2_s140_6.1.1.hex -f nrf52 --chiperase --reset --log 
[2022-Mar-27 19:24:48] [ info] nrfjprog version 10.15.4 external
[2022-Mar-27 19:24:48] [ info] --------------------------------------------------------------------------------
[2022-Mar-27 19:24:48] [ info] Load library at /Applications/Nordic Semiconductor/lib/libnrfjprogdll.dylib.
[2022-Mar-27 19:24:48] [ info] Library loaded, loading member functions.
[2022-Mar-27 19:24:48] [ info] Member functions succesfully loaded.
[2022-Mar-27 19:24:48] [debug] [ Client] - open
[2022-Mar-27 19:24:48] [debug] [ Client] - start
[2022-Mar-27 19:24:48] [ info] [ Client] - stdout: Jlinkarm nRF Worker ready. Handling sequence ac1c5166-bf84-487e-b849-28799e13ac56.
[2022-Mar-27 19:24:48] [debug] [SeggerBackend] - Logger sink registered in Segger backend logger
[2022-Mar-27 19:24:48] [debug] [  JLink] - Logger sink registered in JLink logger
[2022-Mar-27 19:24:48] [debug] [  nRF52] - open
[2022-Mar-27 19:24:48] [debug] [  nRF52] - just_check_family
[2022-Mar-27 19:24:48] [debug] [SeggerBackend] - open_dll
[2022-Mar-27 19:24:48] [debug] [SeggerBackend] - No J-Link DLL path was provided. Attempting to auto detect.
[2022-Mar-27 19:24:48] [ info] [SeggerBackend] - Load library at /Applications/SEGGER/JLink/libjlinkarm.7.58.2.dylib.
[2022-Mar-27 19:24:48] [trace] [ Client] - Command open executed for 140 milliseconds with result 0
[2022-Mar-27 19:24:48] [debug] [ Client] - enum_emu_snr
[2022-Mar-27 19:24:48] [trace] [ Client] - Command enum_emu_con_info executed for 5 milliseconds with result 0
[2022-Mar-27 19:24:48] [ info] [SeggerBackend] - Library loaded, loading member functions.
[2022-Mar-27 19:24:48] [ info] [SeggerBackend] - Member functions succesfully loaded.
[2022-Mar-27 19:24:48] [debug] [SeggerBackend] - dll_version
[2022-Mar-27 19:24:48] [ info] [SeggerBackend] - Segger dll version 7.58.b loaded.
[2022-Mar-27 19:24:48] [trace] [ Worker] - Command open executed for 41 milliseconds with result 0
[2022-Mar-27 19:24:48] [debug] [  nRF52] - enum_emu_con_info
[2022-Mar-27 19:24:48] [debug] [SeggerBackend] - is_connected_to_emu
[2022-Mar-27 19:24:48] [debug] [SeggerBackend] - enum_emu_con_info
[2022-Mar-27 19:24:48] [debug] [SeggerBackend] - is_connected_to_emu
[2022-Mar-27 19:24:48] [trace] [ Worker] - Command enum_emu_con_info executed for 0 milliseconds with result 0
[2022-Mar-27 19:24:48] [debug] [  nRF52] - close
[2022-Mar-27 19:24:48] [debug] [SeggerBackend] - is_connected_to_emu
[2022-Mar-27 19:24:48] [debug] [SeggerBackend] - close
[2022-Mar-27 19:24:48] [debug] [SeggerBackend] - disconnect_from_emu
[2022-Mar-27 19:24:48] [debug] [SeggerBackend] - is_connected_to_emu
[2022-Mar-27 19:24:48] [debug] [SeggerBackend] - Segger Backend closed.
[2022-Mar-27 19:24:48] [debug] [  nRF52] - nRF family DLL closed
[2022-Mar-27 19:24:48] [trace] [ Client] - Command close executed for 36 milliseconds with result 0
[2022-Mar-27 19:24:48] [debug] [ Client] - terminate
[2022-Mar-27 19:24:48] [trace] [ Client] - Command terminate executed for 6 milliseconds with result 0
[2022-Mar-27 19:24:48] [trace] [ Worker] - Command close executed for 24 milliseconds with result 0
[2022-Mar-27 19:24:48] [trace] [ Worker] - Command terminate executed for 0 milliseconds with result 0
[2022-Mar-27 19:24:48] [trace] [ Worker] - Executed 4 commands for 65 milliseconds
[2022-Mar-27 19:24:48] [debug] [ Client] - Child process terminated with result 0
[2022-Mar-27 19:24:48] [trace] [ Client] - Executed 4 commands for 187 milliseconds
[2022-Mar-27 19:24:48] [debug] [ Client] - terminate
